d:\teamproject\game\game\release\vc141.pdb
d:\teamproject\game\game\release\tilecontroller.obj
d:\teamproject\game\game\release\tile.obj
d:\teamproject\game\game\release\texturemanager.obj
d:\teamproject\game\game\release\projecttilecontroller.obj
d:\teamproject\game\game\release\projecttile.obj
d:\teamproject\game\game\release\playercontroller.obj
d:\teamproject\game\game\release\player.obj
d:\teamproject\game\game\release\thaliacontroller.obj
d:\teamproject\game\game\release\thalia.obj
d:\teamproject\game\game\release\menumanagercontroller.obj
d:\teamproject\game\game\release\menumanager.obj
d:\teamproject\game\game\release\level.obj
d:\teamproject\game\game\release\gamemenucontroller.obj
d:\teamproject\game\game\release\gamemenu.obj
d:\teamproject\game\game\release\gamemanager.obj
d:\teamproject\game\game\release\enemycontroller.obj
d:\teamproject\game\game\release\enemy.obj
d:\teamproject\game\game\release\main.obj
d:\teamproject\game\release\game.ipdb
d:\teamproject\game\release\game.iobj
d:\teamproject\game\release\game.pdb
d:\teamproject\game\game\release\game.tlog\cl.command.1.tlog
d:\teamproject\game\game\release\game.tlog\cl.read.1.tlog
d:\teamproject\game\game\release\game.tlog\cl.write.1.tlog
d:\teamproject\game\game\release\game.tlog\game.write.1u.tlog
d:\teamproject\game\game\release\game.tlog\link.command.1.tlog
d:\teamproject\game\game\release\game.tlog\link.read.1.tlog
d:\teamproject\game\game\release\game.tlog\link.write.1.tlog
